This is pdfTeX, Version 3.1415926-2.5-1.40.14 (MiKTeX 2.9 64-bit) (preloaded format=pdflatex 2014.5.24)  4 SEP 2014 23:18
entering extended mode
**CubeSatSurvey_4.tex
("C:\Users\Miranda\Documents\GitHub\CubeSat\LaTeX Writeup\CubeSatSurvey_4.tex"
LaTeX2e <2014/05/01>
Babel <3.9k> and hyphenation patterns for 68 languages loaded.
("C:\Program Files\MiKTeX 2.9\tex\latex\base\article.cls"
Document Class: article 2007/10/19 v1.4h Standard LaTeX document class
("C:\Program Files\MiKTeX 2.9\tex\latex\base\size11.clo"
File: size11.clo 2007/10/19 v1.4h Standard LaTeX file (size option)
)
\c@part=\count79
\c@section=\count80
\c@subsection=\count81
\c@subsubsection=\count82
\c@paragraph=\count83
\c@subparagraph=\count84
\c@figure=\count85
\c@table=\count86
\abovecaptionskip=\skip41
\belowcaptionskip=\skip42
\bibindent=\dimen102
) ("C:\Program Files\MiKTeX 2.9\tex\latex\amsmath\amsmath.sty"
Package: amsmath 2013/01/14 v2.14 AMS math features
\@mathmargin=\skip43

For additional information on amsmath, use the `?' option.
("C:\Program Files\MiKTeX 2.9\tex\latex\amsmath\amstext.sty"
Package: amstext 2000/06/29 v2.01
 ("C:\Program Files\MiKTeX 2.9\tex\latex\amsmath\amsgen.sty"
File: amsgen.sty 1999/11/30 v2.0
\@emptytoks=\toks14
\ex@=\dimen103
)) ("C:\Program Files\MiKTeX 2.9\tex\latex\amsmath\amsbsy.sty"
Package: amsbsy 1999/11/29 v1.2d
\pmbraise@=\dimen104
)
("C:\Program Files\MiKTeX 2.9\tex\latex\amsmath\amsopn.sty"
Package: amsopn 1999/12/14 v2.01 operator names
)
\inf@bad=\count87
LaTeX Info: Redefining \frac on input line 210.
\uproot@=\count88
\leftroot@=\count89
LaTeX Info: Redefining \overline on input line 306.
\classnum@=\count90
\DOTSCASE@=\count91
LaTeX Info: Redefining \ldots on input line 378.
LaTeX Info: Redefining \dots on input line 381.
LaTeX Info: Redefining \cdots on input line 466.
\Mathstrutbox@=\box26
\strutbox@=\box27
\big@size=\dimen105
LaTeX Font Info:    Redeclaring font encoding OML on input line 566.
LaTeX Font Info:    Redeclaring font encoding OMS on input line 567.
\macc@depth=\count92
\c@MaxMatrixCols=\count93
\dotsspace@=\muskip10
\c@parentequation=\count94
\dspbrk@lvl=\count95
\tag@help=\toks15
\row@=\count96
\column@=\count97
\maxfields@=\count98
\andhelp@=\toks16
\eqnshift@=\dimen106
\alignsep@=\dimen107
\tagshift@=\dimen108
\tagwidth@=\dimen109
\totwidth@=\dimen110
\lineht@=\dimen111
\@envbody=\toks17
\multlinegap=\skip44
\multlinetaggap=\skip45
\mathdisplay@stack=\toks18
LaTeX Info: Redefining \[ on input line 2665.
LaTeX Info: Redefining \] on input line 2666.
)
("C:\Program Files\MiKTeX 2.9\tex\latex\geometry\geometry.sty"
Package: geometry 2010/09/12 v5.6 Page Geometry

("C:\Program Files\MiKTeX 2.9\tex\latex\graphics\keyval.sty"
Package: keyval 2014/05/08 v1.15 key=value parser (DPC)
\KV@toks@=\toks19
)
("C:\Program Files\MiKTeX 2.9\tex\generic\oberdiek\ifpdf.sty"
Package: ifpdf 2011/01/30 v2.3 Provides the ifpdf switch (HO)
Package ifpdf Info: pdfTeX in PDF mode is detected.
)
("C:\Program Files\MiKTeX 2.9\tex\generic\oberdiek\ifvtex.sty"
Package: ifvtex 2010/03/01 v1.5 Detect VTeX and its facilities (HO)
Package ifvtex Info: VTeX not detected.
)
("C:\Program Files\MiKTeX 2.9\tex\generic\ifxetex\ifxetex.sty"
Package: ifxetex 2010/09/12 v0.6 Provides ifxetex conditional
)
\Gm@cnth=\count99
\Gm@cntv=\count100
\c@Gm@tempcnt=\count101
\Gm@bindingoffset=\dimen112
\Gm@wd@mp=\dimen113
\Gm@odd@mp=\dimen114
\Gm@even@mp=\dimen115
\Gm@layoutwidth=\dimen116
\Gm@layoutheight=\dimen117
\Gm@layouthoffset=\dimen118
\Gm@layoutvoffset=\dimen119
\Gm@dimlist=\toks20

("C:\Program Files\MiKTeX 2.9\tex\latex\geometry\geometry.cfg"))
("C:\Program Files\MiKTeX 2.9\tex\latex\graphics\graphicx.sty"
Package: graphicx 2014/04/25 v1.0g Enhanced LaTeX Graphics (DPC,SPQR)

("C:\Program Files\MiKTeX 2.9\tex\latex\graphics\graphics.sty"
Package: graphics 2009/02/05 v1.0o Standard LaTeX Graphics (DPC,SPQR)
 ("C:\Program Files\MiKTeX 2.9\tex\latex\graphics\trig.sty"
Package: trig 1999/03/16 v1.09 sin cos tan (DPC)
) ("C:\Program Files\MiKTeX 2.9\tex\latex\00miktex\graphics.cfg"
File: graphics.cfg 2007/01/18 v1.5 graphics configuration of teTeX/TeXLive
)
Package graphics Info: Driver file: pdftex.def on input line 91.

("C:\Program Files\MiKTeX 2.9\tex\latex\pdftex-def\pdftex.def"
File: pdftex.def 2011/05/27 v0.06d Graphics/color for pdfTeX

("C:\Program Files\MiKTeX 2.9\tex\generic\oberdiek\infwarerr.sty"
Package: infwarerr 2010/04/08 v1.3 Providing info/warning/error messages (HO)
)
("C:\Program Files\MiKTeX 2.9\tex\generic\oberdiek\ltxcmds.sty"
Package: ltxcmds 2011/11/09 v1.22 LaTeX kernel commands for general use (HO)
)
\Gread@gobject=\count102
))
\Gin@req@height=\dimen120
\Gin@req@width=\dimen121
)
("C:\Program Files\MiKTeX 2.9\tex\latex\caption\caption.sty"
Package: caption 2013/05/02 v3.3-89 Customizing captions (AR)
 ("C:\Program Files\MiKTeX 2.9\tex\latex\caption\caption3.sty"
Package: caption3 2013/05/02 v1.6-88 caption3 kernel (AR)
Package caption3 Info: TeX engine: e-TeX on input line 57.
\captionmargin=\dimen122
\captionmargin@=\dimen123
\captionwidth=\dimen124
\caption@tempdima=\dimen125
\caption@indent=\dimen126
\caption@parindent=\dimen127
\caption@hangindent=\dimen128
)
\c@ContinuedFloat=\count103
) ("C:\Program Files\MiKTeX 2.9\tex\latex\caption\subcaption.sty"
Package: subcaption 2013/02/03 v1.1-62 Sub-captions (AR)
\c@subfigure=\count104
\c@subtable=\count105
)
("C:\Users\Miranda\Documents\GitHub\CubeSat\LaTeX Writeup\CubeSatSurvey_4.aux")
LaTeX Font Info:    Checking defaults for OML/cmm/m/it on input line 17.
LaTeX Font Info:    ... okay on input line 17.
LaTeX Font Info:    Checking defaults for T1/cmr/m/n on input line 17.
LaTeX Font Info:    ... okay on input line 17.
LaTeX Font Info:    Checking defaults for OT1/cmr/m/n on input line 17.
LaTeX Font Info:    ... okay on input line 17.
LaTeX Font Info:    Checking defaults for OMS/cmsy/m/n on input line 17.
LaTeX Font Info:    ... okay on input line 17.
LaTeX Font Info:    Checking defaults for OMX/cmex/m/n on input line 17.
LaTeX Font Info:    ... okay on input line 17.
LaTeX Font Info:    Checking defaults for U/cmr/m/n on input line 17.
LaTeX Font Info:    ... okay on input line 17.

*geometry* driver: auto-detecting
*geometry* detected driver: pdftex
*geometry* verbose mode - [ preamble ] result:
* driver: pdftex
* paper: <default>
* layout: <same size as paper>
* layoutoffset:(h,v)=(0.0pt,0.0pt)
* modes: 
* h-part:(L,W,R)=(72.26999pt, 469.75502pt, 72.26999pt)
* v-part:(T,H,B)=(72.26999pt, 650.43001pt, 72.26999pt)
* \paperwidth=614.295pt
* \paperheight=794.96999pt
* \textwidth=469.75502pt
* \textheight=650.43001pt
* \oddsidemargin=0.0pt
* \evensidemargin=0.0pt
* \topmargin=-37.0pt
* \headheight=12.0pt
* \headsep=25.0pt
* \topskip=11.0pt
* \footskip=30.0pt
* \marginparwidth=59.0pt
* \marginparsep=10.0pt
* \columnsep=10.0pt
* \skip\footins=10.0pt plus 4.0pt minus 2.0pt
* \hoffset=0.0pt
* \voffset=0.0pt
* \mag=1000
* \@twocolumnfalse
* \@twosidefalse
* \@mparswitchfalse
* \@reversemarginfalse
* (1in=72.27pt=25.4mm, 1cm=28.453pt)

("C:\Program Files\MiKTeX 2.9\tex\context\base\supp-pdf.mkii"
[Loading MPS to PDF converter (version 2006.09.02).]
\scratchcounter=\count106
\scratchdimen=\dimen129
\scratchbox=\box28
\nofMPsegments=\count107
\nofMParguments=\count108
\everyMPshowfont=\toks21
\MPscratchCnt=\count109
\MPscratchDim=\dimen130
\MPnumerator=\count110
\makeMPintoPDFobject=\count111
\everyMPtoPDFconversion=\toks22
)
Package caption Info: Begin \AtBeginDocument code.
Package caption Info: End \AtBeginDocument code.
 <CubesatConfig.jpg, id=1, 481.8pt x 277.63725pt>
File: CubesatConfig.jpg Graphic file (type jpg)
 <use CubesatConfig.jpg>
Package pdftex.def Info: CubesatConfig.jpg used on input line 31.
(pdftex.def)             Requested size: 352.31625pt x 203.02936pt.
 [1

{C:/ProgramData/MiKTeX/2.9/pdftex/config/pdftex.map}] [2 <C:/Users/Miranda/Documents/GitHub/CubeSat/LaTeX Writeup/Cubesa
tConfig.jpg>]
<Bar_SizeYear.png, id=14, 685.8122pt x 497.60907pt>
File: Bar_SizeYear.png Graphic file (type png)
 <use Bar_SizeYear.png>
Package pdftex.def Info: Bar_SizeYear.png used on input line 69.
(pdftex.def)             Requested size: 352.31625pt x 253.54918pt.


LaTeX Warning: `h' float specifier changed to `ht'.

<Bar_Classes.png, id=16, 685.8122pt x 497.60907pt>
File: Bar_Classes.png Graphic file (type png)
 <use Bar_Classes.png>
Package pdftex.def Info: Bar_Classes.png used on input line 78.
(pdftex.def)             Requested size: 352.31625pt x 253.54918pt.
 [3]
<Pie_Processors.png, id=21, 693.792pt x 397.485pt>
File: Pie_Processors.png Graphic file (type png)
 <use Pie_Processors.png>
Package pdftex.def Info: Pie_Processors.png used on input line 89.
(pdftex.def)             Requested size: 256.35751pt x 144.54pt.

Overfull \hbox (21.48001pt too wide) in paragraph at lines 89--90
 [][] 
 []

<Pie_PIC.png, id=23, 685.8122pt x 498.36188pt>
File: Pie_PIC.png Graphic file (type png)
 <use Pie_PIC.png>
Package pdftex.def Info: Pie_PIC.png used on input line 95.
(pdftex.def)             Requested size: 200.52777pt x 144.54pt.

Overfull \hbox (4.86665pt too wide) in paragraph at lines 87--98
 [][]  [] 
 []

[4 <C:/Users/Miranda/Documents/GitHub/CubeSat/LaTeX Writeup/Bar_SizeYear.png> <C:/Users/Miranda/Documents/GitHub/CubeSat
/LaTeX Writeup/Bar_Classes.png>] <Pie_OS.png, id=30, 685.8122pt x 497.60907pt>
File: Pie_OS.png Graphic file (type png)
 <use Pie_OS.png>
Package pdftex.def Info: Pie_OS.png used on input line 106.
(pdftex.def)             Requested size: 352.31625pt x 253.54918pt.
 [5 <C:/Users/Miranda/Documents/GitHub/CubeSat/LaTeX Writeup/Pie_Processors.png> <C:/Users/Miranda/Documents/GitHub/Cube
Sat/LaTeX Writeup/Pie_PIC.png> <C:/Users/Miranda/Documents/GitHub/CubeSat/LaTeX Writeup/Pie_OS.png>]
<Military.jpg, id=40, 1927.2pt x 925.4575pt>
File: Military.jpg Graphic file (type jpg)
 <use Military.jpg>
Package pdftex.def Info: Military.jpg used on input line 135.
(pdftex.def)             Requested size: 352.31625pt x 167.79611pt.
 <CivilianGovernment.jpg, id=42, 1927.2pt x 925.4575pt>
File: CivilianGovernment.jpg Graphic file (type jpg)

<use CivilianGovernment.jpg>
Package pdftex.def Info: CivilianGovernment.jpg used on input line 142.
(pdftex.def)             Requested size: 352.31625pt x 167.79611pt.
 <Private.jpg, id=44, 1927.2pt x 925.4575pt>
File: Private.jpg Graphic file (type jpg)
 <use Private.jpg>
Package pdftex.def Info: Private.jpg used on input line 149.
(pdftex.def)             Requested size: 352.31625pt x 167.79611pt.

<University.jpg, id=46, 1927.2pt x 925.4575pt>
File: University.jpg Graphic file (type jpg)
 <use University.jpg>
Package pdftex.def Info: University.jpg used on input line 156.
(pdftex.def)             Requested size: 352.31625pt x 167.79611pt.
 [6 <C:/Users/Miranda/Documents/GitHub/CubeSat/LaTeX Writeup/Military.jpg>] [7 <C:/Users/Miranda/Documents/GitHub/CubeSa
t/LaTeX Writeup/CivilianGovernment.jpg> <C:/Users/Miranda/Documents/GitHub/CubeSat/LaTeX Writeup/Private.jpg> <C:/Users/
Miranda/Documents/GitHub/CubeSat/LaTeX Writeup/University.jpg>]
Missing character: There is no â in font cmr10!
Missing character: There is no € in font cmr10!
Missing character: There is no ™ in font cmr10!


LaTeX Warning: `h' float specifier changed to `ht'.

Missing character: There is no â in font cmr10!
Missing character: There is no € in font cmr10!
Missing character: There is no ™ in font cmr10!
Missing character: There is no â in font cmr10!
Missing character: There is no € in font cmr10!
Missing character: There is no ™ in font cmr10!
("C:\Users\Miranda\Documents\GitHub\CubeSat\LaTeX Writeup\CubeSatSurvey_4.bbl" [8]) [9]
("C:\Users\Miranda\Documents\GitHub\CubeSat\LaTeX Writeup\CubeSatSurvey_4.aux") ) 
Here is how much of TeX's memory you used:
 3409 strings out of 493706
 50355 string characters out of 3144577
 126299 words of memory out of 3000000
 6713 multiletter control sequences out of 15000+200000
 10710 words of font info for 38 fonts, out of 3000000 for 9000
 1025 hyphenation exceptions out of 8191
 36i,14n,38p,1068b,435s stack positions out of 5000i,500n,10000p,200000b,50000s
<C:/Program Files/MiKTeX 2.9/fonts/type
1/public/amsfonts/cm/cmbx10.pfb><C:/Program Files/MiKTeX 2.9/fonts/type1/public/amsfonts/cm/cmbx12.pfb><C:/Program Files
/MiKTeX 2.9/fonts/type1/public/amsfonts/cm/cmr10.pfb><C:/Program Files/MiKTeX 2.9/fonts/type1/public/amsfonts/cm/cmr12.p
fb><C:/Program Files/MiKTeX 2.9/fonts/type1/public/amsfonts/cm/cmti10.pfb><C:/Program Files/MiKTeX 2.9/fonts/type1/publi
c/amsfonts/cm/cmti12.pfb>
Output written on CubeSatSurvey_4.pdf (9 pages, 581106 bytes).
PDF statistics:
 86 PDF objects out of 1000 (max. 8388607)
 0 named destinations out of 1000 (max. 500000)
 105 words of extra memory for PDF output out of 10000 (max. 10000000)

